2026-03-07 00:37:25 [INFO]: id: 69a1399febaa1077b57a6d92, role: admin
2026-03-07 00:38:26 [INFO]: id: 691bc55c017059272d8ee6b9, role: superadmin
2026-03-07 00:59:16 [INFO]: id: 691bc55c017059272d8ee6b9, role: superadmin
2026-03-07 01:35:51 [INFO]: id: 691bc55c017059272d8ee6b9, role: superadmin
2026-03-07 11:14:02 [INFO]: id: 697ca414cfad78f5aa83d4a6, role: user
2026-03-07 11:14:30 [INFO]: id: 6989c0e19b953bee6ff90502, role: chef
2026-03-07 13:18:39 [INFO]: id: 697ca414cfad78f5aa83d4a6, role: user
2026-03-07 13:28:49 [INFO]: id: 691bc55c017059272d8ee6b9, role: superadmin
2026-03-07 15:30:27 [INFO]: id: 697ca414cfad78f5aa83d4a6, role: user
2026-03-07 16:39:46 [INFO]: id: 697ca414cfad78f5aa83d4a6, role: user
2026-03-07 16:56:42 [INFO]: id: 697ca414cfad78f5aa83d4a6, role: user
2026-03-07 16:57:23 [INFO]: id: 697ca414cfad78f5aa83d4a6, role: user
2026-03-07 16:57:40 [INFO]: id: 692ea36738a54f8d01ed6747, role: admin
2026-03-07 17:12:48 [INFO]: id: 692ea36738a54f8d01ed6747, role: admin
2026-03-07 17:31:04 [INFO]: id: 692ea36738a54f8d01ed6747, role: admin
2026-03-07 17:53:15 [INFO]: id: 692ea36738a54f8d01ed6747, role: admin
2026-03-07 17:53:15 [INFO]: id: 692ea36738a54f8d01ed6747, role: admin
2026-03-07 17:53:15 [INFO]: id: 692ea36738a54f8d01ed6747, role: admin
2026-03-07 18:08:19 [INFO]: id: 692ea36738a54f8d01ed6747, role: admin
2026-03-07 18:13:53 [INFO]: id: 692ea36738a54f8d01ed6747, role: admin
2026-03-07 18:29:25 [INFO]: id: 692ea36738a54f8d01ed6747, role: admin
2026-03-07 18:29:25 [INFO]: id: 692ea36738a54f8d01ed6747, role: admin
2026-03-07 18:50:15 [INFO]: id: 692ea36738a54f8d01ed6747, role: admin
2026-03-07 19:05:15 [INFO]: id: 692ea36738a54f8d01ed6747, role: admin
2026-03-07 19:05:15 [INFO]: id: 692ea36738a54f8d01ed6747, role: admin
2026-03-07 19:05:15 [INFO]: id: 692ea36738a54f8d01ed6747, role: admin
2026-03-07 19:20:36 [INFO]: id: 692ea36738a54f8d01ed6747, role: admin
2026-03-07 19:20:36 [INFO]: id: 692ea36738a54f8d01ed6747, role: admin
2026-03-07 19:20:36 [INFO]: id: 692ea36738a54f8d01ed6747, role: admin
2026-03-07 19:35:40 [INFO]: id: 692ea36738a54f8d01ed6747, role: admin
2026-03-07 21:42:21 [INFO]: id: 692ea36738a54f8d01ed6747, role: admin
2026-03-07 21:51:59 [INFO]: id: 697ca414cfad78f5aa83d4a6, role: user
2026-03-07 22:10:04 [INFO]: id: 697ca414cfad78f5aa83d4a6, role: user
2026-03-07 22:10:04 [INFO]: id: 697ca414cfad78f5aa83d4a6, role: user
2026-03-07 22:10:04 [INFO]: id: 697ca414cfad78f5aa83d4a6, role: user
2026-03-07 22:22:07 [INFO]: id: 6989c0e19b953bee6ff90502, role: chef
2026-03-07 22:28:04 [INFO]: id: 697ca908cfad78f5aa83d4f7, role: user
2026-03-07 22:29:14 [INFO]: id: 698dbb06bcc74a177f8719f0, role: staff
2026-03-07 22:34:04 [INFO]: id: 697ca908cfad78f5aa83d4f7, role: user
2026-03-07 22:41:16 [INFO]: id: 6989c0e19b953bee6ff90502, role: chef
2026-03-07 22:41:36 [INFO]: id: 698dbb06bcc74a177f8719f0, role: staff
2026-03-07 22:42:01 [INFO]: id: 697ca414cfad78f5aa83d4a6, role: user
